Analysis & Synthesis report for Projet_VHDL
Fri Mar 06 09:11:22 2020
Quartus Prime Version 18.1.0 Build 625 09/12/2018 SJ Lite Edition


---------------------
; Table of Contents ;
---------------------
  1. Legal Notice
  2. Analysis & Synthesis Summary
  3. Analysis & Synthesis Settings
  4. Parallel Compilation
  5. Analysis & Synthesis Source Files Read
  6. Analysis & Synthesis Resource Usage Summary
  7. Analysis & Synthesis Resource Utilization by Entity
  8. Registers Removed During Synthesis
  9. General Register Statistics
 10. Inverted Register Statistics
 11. Post-Synthesis Netlist Statistics for Top Partition
 12. Elapsed Time Per Partition
 13. Analysis & Synthesis Messages



----------------
; Legal Notice ;
----------------
Copyright (C) 2018  Intel Corporation. All rights reserved.
Your use of Intel Corporation's design tools, logic functions 
and other software and tools, and its AMPP partner logic 
functions, and any output files from any of the foregoing 
(including device programming or simulation files), and any 
associated documentation or information are expressly subject 
to the terms and conditions of the Intel Program License 
Subscription Agreement, the Intel Quartus Prime License Agreement,
the Intel FPGA IP License Agreement, or other applicable license
agreement, including, without limitation, that your use is for
the sole purpose of programming logic devices manufactured by
Intel and sold by Intel or its authorized distributors.  Please
refer to the applicable agreement for further details.



+----------------------------------------------------------------------------------+
; Analysis & Synthesis Summary                                                     ;
+------------------------------------+---------------------------------------------+
; Analysis & Synthesis Status        ; Successful - Fri Mar 06 09:11:22 2020       ;
; Quartus Prime Version              ; 18.1.0 Build 625 09/12/2018 SJ Lite Edition ;
; Revision Name                      ; Projet_VHDL                                 ;
; Top-level Entity Name              ; septseg                                     ;
; Family                             ; MAX 10                                      ;
; Total logic elements               ; 173                                         ;
;     Total combinational functions  ; 112                                         ;
;     Dedicated logic registers      ; 159                                         ;
; Total registers                    ; 159                                         ;
; Total pins                         ; 45                                          ;
; Total virtual pins                 ; 0                                           ;
; Total memory bits                  ; 0                                           ;
; Embedded Multiplier 9-bit elements ; 0                                           ;
; Total PLLs                         ; 0                                           ;
; UFM blocks                         ; 0                                           ;
; ADC blocks                         ; 0                                           ;
+------------------------------------+---------------------------------------------+


+------------------------------------------------------------------------------------------------------------+
; Analysis & Synthesis Settings                                                                              ;
+------------------------------------------------------------------+--------------------+--------------------+
; Option                                                           ; Setting            ; Default Value      ;
+------------------------------------------------------------------+--------------------+--------------------+
; Device                                                           ; 10M50DAF484C7G     ;                    ;
; Top-level entity name                                            ; septseg            ; Projet_VHDL        ;
; Family name                                                      ; MAX 10             ; Cyclone V          ;
; Type of Retiming Performed During Resynthesis                    ; Full               ;                    ;
; Resynthesis Optimization Effort                                  ; Normal             ;                    ;
; Physical Synthesis Level for Resynthesis                         ; Normal             ;                    ;
; Use Generated Physical Constraints File                          ; On                 ;                    ;
; Use smart compilation                                            ; Off                ; Off                ;
; Enable parallel Assembler and Timing Analyzer during compilation ; On                 ; On                 ;
; Enable compact report table                                      ; Off                ; Off                ;
; Restructure Multiplexers                                         ; Auto               ; Auto               ;
; Create Debugging Nodes for IP Cores                              ; Off                ; Off                ;
; Preserve fewer node names                                        ; On                 ; On                 ;
; Intel FPGA IP Evaluation Mode                                    ; Enable             ; Enable             ;
; Verilog Version                                                  ; Verilog_2001       ; Verilog_2001       ;
; VHDL Version                                                     ; VHDL_1993          ; VHDL_1993          ;
; State Machine Processing                                         ; Auto               ; Auto               ;
; Safe State Machine                                               ; Off                ; Off                ;
; Extract Verilog State Machines                                   ; On                 ; On                 ;
; Extract VHDL State Machines                                      ; On                 ; On                 ;
; Ignore Verilog initial constructs                                ; Off                ; Off                ;
; Iteration limit for constant Verilog loops                       ; 5000               ; 5000               ;
; Iteration limit for non-constant Verilog loops                   ; 250                ; 250                ;
; Add Pass-Through Logic to Inferred RAMs                          ; On                 ; On                 ;
; Infer RAMs from Raw Logic                                        ; On                 ; On                 ;
; Parallel Synthesis                                               ; On                 ; On                 ;
; DSP Block Balancing                                              ; Auto               ; Auto               ;
; NOT Gate Push-Back                                               ; On                 ; On                 ;
; Power-Up Don't Care                                              ; On                 ; On                 ;
; Remove Redundant Logic Cells                                     ; Off                ; Off                ;
; Remove Duplicate Registers                                       ; On                 ; On                 ;
; Ignore CARRY Buffers                                             ; Off                ; Off                ;
; Ignore CASCADE Buffers                                           ; Off                ; Off                ;
; Ignore GLOBAL Buffers                                            ; Off                ; Off                ;
; Ignore ROW GLOBAL Buffers                                        ; Off                ; Off                ;
; Ignore LCELL Buffers                                             ; Off                ; Off                ;
; Ignore SOFT Buffers                                              ; On                 ; On                 ;
; Limit AHDL Integers to 32 Bits                                   ; Off                ; Off                ;
; Optimization Technique                                           ; Balanced           ; Balanced           ;
; Carry Chain Length                                               ; 70                 ; 70                 ;
; Auto Carry Chains                                                ; On                 ; On                 ;
; Auto Open-Drain Pins                                             ; On                 ; On                 ;
; Perform WYSIWYG Primitive Resynthesis                            ; Off                ; Off                ;
; Auto ROM Replacement                                             ; On                 ; On                 ;
; Auto RAM Replacement                                             ; On                 ; On                 ;
; Auto DSP Block Replacement                                       ; On                 ; On                 ;
; Auto Shift Register Replacement                                  ; Auto               ; Auto               ;
; Allow Shift Register Merging across Hierarchies                  ; Auto               ; Auto               ;
; Auto Clock Enable Replacement                                    ; On                 ; On                 ;
; Strict RAM Replacement                                           ; Off                ; Off                ;
; Allow Synchronous Control Signals                                ; On                 ; On                 ;
; Force Use of Synchronous Clear Signals                           ; Off                ; Off                ;
; Auto RAM Block Balancing                                         ; On                 ; On                 ;
; Auto RAM to Logic Cell Conversion                                ; Off                ; Off                ;
; Auto Resource Sharing                                            ; Off                ; Off                ;
; Allow Any RAM Size For Recognition                               ; Off                ; Off                ;
; Allow Any ROM Size For Recognition                               ; Off                ; Off                ;
; Allow Any Shift Register Size For Recognition                    ; Off                ; Off                ;
; Use LogicLock Constraints during Resource Balancing              ; On                 ; On                 ;
; Ignore translate_off and synthesis_off directives                ; Off                ; Off                ;
; Timing-Driven Synthesis                                          ; On                 ; On                 ;
; Report Parameter Settings                                        ; On                 ; On                 ;
; Report Source Assignments                                        ; On                 ; On                 ;
; Report Connectivity Checks                                       ; On                 ; On                 ;
; Ignore Maximum Fan-Out Assignments                               ; Off                ; Off                ;
; Synchronization Register Chain Length                            ; 2                  ; 2                  ;
; Power Optimization During Synthesis                              ; Normal compilation ; Normal compilation ;
; HDL message level                                                ; Level2             ; Level2             ;
; Suppress Register Optimization Related Messages                  ; Off                ; Off                ;
; Number of Removed Registers Reported in Synthesis Report         ; 5000               ; 5000               ;
; Number of Swept Nodes Reported in Synthesis Report               ; 5000               ; 5000               ;
; Number of Inverted Registers Reported in Synthesis Report        ; 100                ; 100                ;
; Clock MUX Protection                                             ; On                 ; On                 ;
; Auto Gated Clock Conversion                                      ; Off                ; Off                ;
; Block Design Naming                                              ; Auto               ; Auto               ;
; SDC constraint protection                                        ; Off                ; Off                ;
; Synthesis Effort                                                 ; Auto               ; Auto               ;
; Shift Register Replacement - Allow Asynchronous Clear Signal     ; On                 ; On                 ;
; Pre-Mapping Resynthesis Optimization                             ; Off                ; Off                ;
; Analysis & Synthesis Message Level                               ; Medium             ; Medium             ;
; Disable Register Merging Across Hierarchies                      ; Auto               ; Auto               ;
; Resource Aware Inference For Block RAM                           ; On                 ; On                 ;
+------------------------------------------------------------------+--------------------+--------------------+


+------------------------------------------+
; Parallel Compilation                     ;
+----------------------------+-------------+
; Processors                 ; Number      ;
+----------------------------+-------------+
; Number detected on machine ; 4           ;
; Maximum allowed            ; 2           ;
;                            ;             ;
; Average used               ; 1.00        ;
; Maximum used               ; 2           ;
;                            ;             ;
; Usage by Processor         ; % Time Used ;
;     Processor 1            ; 100.0%      ;
;     Processor 2            ;   0.0%      ;
+----------------------------+-------------+


+---------------------------------------------------------------------------------------------------------------------------------------------------------------+
; Analysis & Synthesis Source Files Read                                                                                                                        ;
+----------------------------------+-----------------+-----------------+------------------------------------------------------------------------------+---------+
; File Name with User-Entered Path ; Used in Netlist ; File Type       ; File Name with Absolute Path                                                 ; Library ;
+----------------------------------+-----------------+-----------------+------------------------------------------------------------------------------+---------+
; septseg.vhd                      ; yes             ; User VHDL File  ; C:/Users/Principal/3D Objects/Documents/ING2 S2/VHDL/Projet_VHDL/septseg.vhd ;         ;
+----------------------------------+-----------------+-----------------+------------------------------------------------------------------------------+---------+


+--------------------------------------------------------------+
; Analysis & Synthesis Resource Usage Summary                  ;
+---------------------------------------------+----------------+
; Resource                                    ; Usage          ;
+---------------------------------------------+----------------+
; Estimated Total logic elements              ; 173            ;
;                                             ;                ;
; Total combinational functions               ; 112            ;
; Logic element usage by number of LUT inputs ;                ;
;     -- 4 input functions                    ; 10             ;
;     -- 3 input functions                    ; 5              ;
;     -- <=2 input functions                  ; 97             ;
;                                             ;                ;
; Logic elements by mode                      ;                ;
;     -- normal mode                          ; 87             ;
;     -- arithmetic mode                      ; 25             ;
;                                             ;                ;
; Total registers                             ; 159            ;
;     -- Dedicated logic registers            ; 159            ;
;     -- I/O registers                        ; 0              ;
;                                             ;                ;
; I/O pins                                    ; 45             ;
;                                             ;                ;
; Embedded Multiplier 9-bit elements          ; 0              ;
;                                             ;                ;
; Maximum fan-out node                        ; trigger1~input ;
; Maximum fan-out                             ; 133            ;
; Total fan-out                               ; 741            ;
; Average fan-out                             ; 2.05           ;
+---------------------------------------------+----------------+


+------------------------------------------------------------------------------------------------------------------------------------------------------------------------------------------------------------------------------------+
; Analysis & Synthesis Resource Utilization by Entity                                                                                                                                                                                ;
+----------------------------+---------------------+---------------------------+-------------+------------+--------------+---------+-----------+------+--------------+------------+---------------------+-------------+--------------+
; Compilation Hierarchy Node ; Combinational ALUTs ; Dedicated Logic Registers ; Memory Bits ; UFM Blocks ; DSP Elements ; DSP 9x9 ; DSP 18x18 ; Pins ; Virtual Pins ; ADC blocks ; Full Hierarchy Name ; Entity Name ; Library Name ;
+----------------------------+---------------------+---------------------------+-------------+------------+--------------+---------+-----------+------+--------------+------------+---------------------+-------------+--------------+
; |septseg                   ; 112 (112)           ; 159 (159)                 ; 0           ; 0          ; 0            ; 0       ; 0         ; 45   ; 0            ; 0          ; |septseg            ; septseg     ; work         ;
+----------------------------+---------------------+---------------------------+-------------+------------+--------------+---------+-----------+------+--------------+------------+---------------------+-------------+--------------+
Note: For table entries with two numbers listed, the numbers in parentheses indicate the number of resources of the given type used by the specific entity alone. The numbers listed outside of parentheses indicate the total resources of the given type used by the specific entity and all of its sub-entities in the hierarchy.


+----------------------------------------------------------------+
; Registers Removed During Synthesis                             ;
+----------------------------------------+-----------------------+
; Register name                          ; Reason for Removal    ;
+----------------------------------------+-----------------------+
; mess[5]                                ; Merged with mess[4]   ;
; mess[103]                              ; Merged with mess[102] ;
; mess[96]                               ; Merged with mess[95]  ;
; mess[33]                               ; Merged with mess[32]  ;
; mess[26]                               ; Merged with mess[25]  ;
; mess[19]                               ; Merged with mess[18]  ;
; mess[12]                               ; Merged with mess[11]  ;
; mess[54]                               ; Merged with mess[53]  ;
; mess[47]                               ; Merged with mess[46]  ;
; mess[40]                               ; Merged with mess[39]  ;
; mess[89]                               ; Merged with mess[88]  ;
; mess[82]                               ; Merged with mess[81]  ;
; mess[75]                               ; Merged with mess[74]  ;
; mess[68]                               ; Merged with mess[67]  ;
; mess[61]                               ; Merged with mess[60]  ;
; Total Number of Removed Registers = 15 ;                       ;
+----------------------------------------+-----------------------+


+------------------------------------------------------+
; General Register Statistics                          ;
+----------------------------------------------+-------+
; Statistic                                    ; Value ;
+----------------------------------------------+-------+
; Total registers                              ; 159   ;
; Number of registers using Synchronous Clear  ; 26    ;
; Number of registers using Synchronous Load   ; 0     ;
; Number of registers using Asynchronous Clear ; 42    ;
; Number of registers using Asynchronous Load  ; 0     ;
; Number of registers using Clock Enable       ; 90    ;
; Number of registers using Preset             ; 0     ;
+----------------------------------------------+-------+


+---------------------------------------------------+
; Inverted Register Statistics                      ;
+-----------------------------------------+---------+
; Inverted Register                       ; Fan out ;
+-----------------------------------------+---------+
; HEX5[6]~reg0                            ; 1       ;
; HEX5[5]~reg0                            ; 1       ;
; HEX5[4]~reg0                            ; 1       ;
; HEX5[3]~reg0                            ; 1       ;
; HEX5[2]~reg0                            ; 1       ;
; HEX5[1]~reg0                            ; 1       ;
; HEX5[0]~reg0                            ; 1       ;
; HEX4[6]~reg0                            ; 1       ;
; HEX4[5]~reg0                            ; 1       ;
; HEX4[4]~reg0                            ; 1       ;
; HEX4[3]~reg0                            ; 1       ;
; HEX4[2]~reg0                            ; 1       ;
; HEX4[1]~reg0                            ; 1       ;
; HEX4[0]~reg0                            ; 1       ;
; HEX3[6]~reg0                            ; 1       ;
; HEX3[5]~reg0                            ; 1       ;
; HEX3[4]~reg0                            ; 1       ;
; HEX3[3]~reg0                            ; 1       ;
; HEX3[2]~reg0                            ; 1       ;
; HEX3[1]~reg0                            ; 1       ;
; HEX3[0]~reg0                            ; 1       ;
; HEX2[6]~reg0                            ; 1       ;
; HEX2[5]~reg0                            ; 1       ;
; HEX2[4]~reg0                            ; 1       ;
; HEX2[3]~reg0                            ; 1       ;
; HEX2[2]~reg0                            ; 1       ;
; HEX2[1]~reg0                            ; 1       ;
; HEX2[0]~reg0                            ; 1       ;
; HEX1[6]~reg0                            ; 1       ;
; HEX1[5]~reg0                            ; 1       ;
; HEX1[4]~reg0                            ; 1       ;
; HEX1[3]~reg0                            ; 1       ;
; HEX1[2]~reg0                            ; 1       ;
; HEX1[1]~reg0                            ; 1       ;
; HEX1[0]~reg0                            ; 1       ;
; HEX0[6]~reg0                            ; 1       ;
; HEX0[5]~reg0                            ; 1       ;
; HEX0[4]~reg0                            ; 1       ;
; HEX0[3]~reg0                            ; 1       ;
; HEX0[2]~reg0                            ; 1       ;
; HEX0[1]~reg0                            ; 1       ;
; HEX0[0]~reg0                            ; 1       ;
; mess[3]                                 ; 2       ;
; mess[2]                                 ; 2       ;
; mess[13]                                ; 2       ;
; mess[10]                                ; 2       ;
; mess[9]                                 ; 2       ;
; mess[8]                                 ; 2       ;
; mess[7]                                 ; 2       ;
; mess[16]                                ; 2       ;
; mess[15]                                ; 2       ;
; mess[27]                                ; 2       ;
; mess[24]                                ; 2       ;
; mess[23]                                ; 2       ;
; mess[34]                                ; 2       ;
; mess[31]                                ; 2       ;
; mess[30]                                ; 2       ;
; mess[37]                                ; 2       ;
; mess[36]                                ; 2       ;
; mess[48]                                ; 1       ;
; mess[46]                                ; 1       ;
; mess[45]                                ; 1       ;
; mess[44]                                ; 1       ;
; mess[43]                                ; 1       ;
; mess[42]                                ; 1       ;
; mess[55]                                ; 1       ;
; mess[51]                                ; 1       ;
; mess[50]                                ; 1       ;
; mess[59]                                ; 1       ;
; mess[57]                                ; 1       ;
; mess[56]                                ; 1       ;
; mess[65]                                ; 1       ;
; mess[64]                                ; 1       ;
; mess[76]                                ; 1       ;
; mess[73]                                ; 1       ;
; mess[72]                                ; 1       ;
; mess[83]                                ; 1       ;
; mess[80]                                ; 1       ;
; mess[79]                                ; 1       ;
; mess[78]                                ; 1       ;
; mess[77]                                ; 1       ;
; mess[90]                                ; 1       ;
; mess[87]                                ; 1       ;
; mess[93]                                ; 1       ;
; mess[92]                                ; 1       ;
; mess[104]                               ; 1       ;
; mess[102]                               ; 1       ;
; mess[101]                               ; 1       ;
; mess[100]                               ; 1       ;
; mess[99]                                ; 1       ;
; mess[98]                                ; 1       ;
; Total number of inverted registers = 91 ;         ;
+-----------------------------------------+---------+


+-----------------------------------------------------+
; Post-Synthesis Netlist Statistics for Top Partition ;
+-----------------------+-----------------------------+
; Type                  ; Count                       ;
+-----------------------+-----------------------------+
; boundary_port         ; 45                          ;
; cycloneiii_ff         ; 159                         ;
;     CLR               ; 42                          ;
;     ENA               ; 90                          ;
;     SCLR              ; 26                          ;
;     plain             ; 1                           ;
; cycloneiii_lcell_comb ; 155                         ;
;     arith             ; 25                          ;
;         2 data inputs ; 25                          ;
;     normal            ; 130                         ;
;         1 data inputs ; 115                         ;
;         3 data inputs ; 5                           ;
;         4 data inputs ; 10                          ;
;                       ;                             ;
; Max LUT depth         ; 5.00                        ;
; Average LUT depth     ; 1.55                        ;
+-----------------------+-----------------------------+


+-------------------------------+
; Elapsed Time Per Partition    ;
+----------------+--------------+
; Partition Name ; Elapsed Time ;
+----------------+--------------+
; Top            ; 00:00:01     ;
+----------------+--------------+


+-------------------------------+
; Analysis & Synthesis Messages ;
+-------------------------------+
Info: *******************************************************************
Info: Running Quartus Prime Analysis & Synthesis
    Info: Version 18.1.0 Build 625 09/12/2018 SJ Lite Edition
    Info: Processing started: Fri Mar 06 09:10:59 2020
Info: Command: quartus_map --read_settings_files=on --write_settings_files=off Projet_VHDL -c Projet_VHDL
Warning (18236): Number of processors has not been specified which may cause overloading on shared machines.  Set the global assignment NUM_PARALLEL_PROCESSORS in your QSF to an appropriate value for best performance.
Info (20030): Parallel compilation is enabled and will use 2 of the 2 processors detected
Info (12021): Found 2 design units, including 1 entities, in source file septseg.vhd
    Info (12022): Found design unit 1: septseg-rtl File: C:/Users/Principal/3D Objects/Documents/ING2 S2/VHDL/Projet_VHDL/septseg.vhd Line: 20
    Info (12023): Found entity 1: septseg File: C:/Users/Principal/3D Objects/Documents/ING2 S2/VHDL/Projet_VHDL/septseg.vhd Line: 5
Info (12127): Elaborating entity "septseg" for the top level hierarchy
Warning (10492): VHDL Process Statement warning at septseg.vhd(49): signal "trigger1" is read inside the Process Statement but isn't in the Process Statement's sensitivity list File: C:/Users/Principal/3D Objects/Documents/ING2 S2/VHDL/Projet_VHDL/septseg.vhd Line: 49
Info (13000): Registers with preset signals will power-up high File: C:/Users/Principal/3D Objects/Documents/ING2 S2/VHDL/Projet_VHDL/septseg.vhd Line: 51
Info (13003): DEV_CLRn pin will set, and not reset, register with preset signal due to NOT Gate Push-Back
Info (286030): Timing-Driven Synthesis is running
Critical Warning (18061): Ignored Power-Up Level option on the following registers
    Critical Warning (18010): Register HEX5[6]~reg0 will power up to High File: C:/Users/Principal/3D Objects/Documents/ING2 S2/VHDL/Projet_VHDL/septseg.vhd Line: 51
    Critical Warning (18010): Register HEX5[5]~reg0 will power up to High File: C:/Users/Principal/3D Objects/Documents/ING2 S2/VHDL/Projet_VHDL/septseg.vhd Line: 51
    Critical Warning (18010): Register HEX5[4]~reg0 will power up to High File: C:/Users/Principal/3D Objects/Documents/ING2 S2/VHDL/Projet_VHDL/septseg.vhd Line: 51
    Critical Warning (18010): Register HEX5[1]~reg0 will power up to High File: C:/Users/Principal/3D Objects/Documents/ING2 S2/VHDL/Projet_VHDL/septseg.vhd Line: 51
    Critical Warning (18010): Register HEX5[0]~reg0 will power up to High File: C:/Users/Principal/3D Objects/Documents/ING2 S2/VHDL/Projet_VHDL/septseg.vhd Line: 51
    Critical Warning (18010): Register HEX4[5]~reg0 will power up to High File: C:/Users/Principal/3D Objects/Documents/ING2 S2/VHDL/Projet_VHDL/septseg.vhd Line: 51
    Critical Warning (18010): Register HEX4[4]~reg0 will power up to High File: C:/Users/Principal/3D Objects/Documents/ING2 S2/VHDL/Projet_VHDL/septseg.vhd Line: 51
    Critical Warning (18010): Register HEX3[6]~reg0 will power up to High File: C:/Users/Principal/3D Objects/Documents/ING2 S2/VHDL/Projet_VHDL/septseg.vhd Line: 51
    Critical Warning (18010): Register HEX3[5]~reg0 will power up to High File: C:/Users/Principal/3D Objects/Documents/ING2 S2/VHDL/Projet_VHDL/septseg.vhd Line: 51
    Critical Warning (18010): Register HEX3[4]~reg0 will power up to High File: C:/Users/Principal/3D Objects/Documents/ING2 S2/VHDL/Projet_VHDL/septseg.vhd Line: 51
    Critical Warning (18010): Register HEX3[3]~reg0 will power up to High File: C:/Users/Principal/3D Objects/Documents/ING2 S2/VHDL/Projet_VHDL/septseg.vhd Line: 51
    Critical Warning (18010): Register HEX3[0]~reg0 will power up to High File: C:/Users/Principal/3D Objects/Documents/ING2 S2/VHDL/Projet_VHDL/septseg.vhd Line: 51
    Critical Warning (18010): Register HEX2[5]~reg0 will power up to High File: C:/Users/Principal/3D Objects/Documents/ING2 S2/VHDL/Projet_VHDL/septseg.vhd Line: 51
    Critical Warning (18010): Register HEX2[4]~reg0 will power up to High File: C:/Users/Principal/3D Objects/Documents/ING2 S2/VHDL/Projet_VHDL/septseg.vhd Line: 51
    Critical Warning (18010): Register HEX2[1]~reg0 will power up to High File: C:/Users/Principal/3D Objects/Documents/ING2 S2/VHDL/Projet_VHDL/septseg.vhd Line: 51
    Critical Warning (18010): Register HEX2[0]~reg0 will power up to High File: C:/Users/Principal/3D Objects/Documents/ING2 S2/VHDL/Projet_VHDL/septseg.vhd Line: 51
    Critical Warning (18010): Register HEX1[5]~reg0 will power up to High File: C:/Users/Principal/3D Objects/Documents/ING2 S2/VHDL/Projet_VHDL/septseg.vhd Line: 51
    Critical Warning (18010): Register HEX1[4]~reg0 will power up to High File: C:/Users/Principal/3D Objects/Documents/ING2 S2/VHDL/Projet_VHDL/septseg.vhd Line: 51
    Critical Warning (18010): Register HEX1[1]~reg0 will power up to High File: C:/Users/Principal/3D Objects/Documents/ING2 S2/VHDL/Projet_VHDL/septseg.vhd Line: 51
    Critical Warning (18010): Register HEX1[0]~reg0 will power up to High File: C:/Users/Principal/3D Objects/Documents/ING2 S2/VHDL/Projet_VHDL/septseg.vhd Line: 51
    Critical Warning (18010): Register HEX0[6]~reg0 will power up to High File: C:/Users/Principal/3D Objects/Documents/ING2 S2/VHDL/Projet_VHDL/septseg.vhd Line: 51
    Critical Warning (18010): Register HEX0[5]~reg0 will power up to High File: C:/Users/Principal/3D Objects/Documents/ING2 S2/VHDL/Projet_VHDL/septseg.vhd Line: 51
    Critical Warning (18010): Register HEX0[4]~reg0 will power up to High File: C:/Users/Principal/3D Objects/Documents/ING2 S2/VHDL/Projet_VHDL/septseg.vhd Line: 51
    Critical Warning (18010): Register HEX0[3]~reg0 will power up to High File: C:/Users/Principal/3D Objects/Documents/ING2 S2/VHDL/Projet_VHDL/septseg.vhd Line: 51
    Critical Warning (18010): Register HEX0[0]~reg0 will power up to High File: C:/Users/Principal/3D Objects/Documents/ING2 S2/VHDL/Projet_VHDL/septseg.vhd Line: 51
Info (16010): Generating hard_block partition "hard_block:auto_generated_inst"
    Info (16011): Adding 0 node(s), including 0 DDIO, 0 PLL, 0 transceiver and 0 LCELL
Info (21057): Implemented 218 device resources after synthesis - the final resource count might be different
    Info (21058): Implemented 2 input pins
    Info (21059): Implemented 43 output pins
    Info (21061): Implemented 173 logic cells
Info: Quartus Prime Analysis & Synthesis was successful. 0 errors, 28 warnings
    Info: Peak virtual memory: 4792 megabytes
    Info: Processing ended: Fri Mar 06 09:11:22 2020
    Info: Elapsed time: 00:00:23
    Info: Total CPU time (on all processors): 00:00:50


